<?xml version="1.0" encoding="UTF-8"?>
<testng-results skipped="0" failed="0" ignored="0" total="1" passed="1">
  <reporter-output>
  </reporter-output>
  <suite name="Default suite" duration-ms="10575" started-at="2021-07-12T14:35:00 IST" finished-at="2021-07-12T14:35:11 IST">
    <groups>
    </groups>
    <test name="Default test" duration-ms="10575" started-at="2021-07-12T14:35:00 IST" finished-at="2021-07-12T14:35:11 IST">
      <class name="dropdown.DropDown">
        <test-method status="PASS" signature="Common()[pri:0, instance:dropdown.DropDown@11c1ea0]" name="Common" is-config="true" duration-ms="8595" started-at="2021-07-12T14:35:00 IST" finished-at="2021-07-12T14:35:09 IST">
          <reporter-output>
          </reporter-output>
        </test-method> <!-- Common -->
        <test-method status="PASS" signature="Drop()[pri:0, instance:dropdown.DropDown@11c1ea0]" name="Drop" duration-ms="1890" started-at="2021-07-12T14:35:09 IST" finished-at="2021-07-12T14:35:11 IST">
          <reporter-output>
          </reporter-output>
        </test-method> <!-- Drop -->
      </class> <!-- dropdown.DropDown -->
    </test> <!-- Default test -->
  </suite> <!-- Default suite -->
</testng-results>
